<?xml version="1.0" encoding="UTF-8"?>
<!-- Generated by org.testng.reporters.JUnitReportReporter -->
<testsuite hostname="Dhiraj" failures="0" tests="1" name="com.AutoEngine.AppTest" time="67.484" errors="0" timestamp="2021-02-05T18:11:37 IST" skipped="0">
  <testcase classname="com.AutoEngine.AppTest" name="testApp" time="67.484"/>
  <system-out/>
</testsuite> <!-- com.AutoEngine.AppTest -->
