<?xml version="1.0" encoding="UTF-8"?>
<!-- Generated by org.testng.reporters.JUnitReportReporter -->
<testsuite hostname="DESKTOP-0VDA0DP" failures="0" tests="1" name="com.AutoEngine.AppTest" time="12.940" errors="0" timestamp="2021-07-25T19:14:33 IST" skipped="0">
  <testcase classname="com.AutoEngine.AppTest" name="testApp" time="12.940"/>
  <system-out/>
</testsuite> <!-- com.AutoEngine.AppTest -->
