<?xml version="1.0" encoding="UTF-8"?>
<!-- Generated by org.testng.reporters.JUnitReportReporter -->
<testsuite hostname="Dhiraj" failures="0" tests="1" name="com.AutoEngine.AppTest" time="65.382" errors="0" timestamp="2020-12-14T21:34:42 IST" skipped="0">
  <testcase classname="com.AutoEngine.AppTest" name="testApp" time="65.382"/>
  <system-out/>
</testsuite> <!-- com.AutoEngine.AppTest -->
